TN:
SF:./src/client/app/about/about.module.js
FN:1,(anonymous_1)
FNF:1
FNH:1
FNDA:1,(anonymous_1)
DA:1,1
DA:4,1
LF:2
LH:2
BRF:0
BRH:0
end_of_record
TN:
SF:./src/client/app/account/account.module.js
FN:1,(anonymous_1)
FNF:1
FNH:1
FNDA:1,(anonymous_1)
DA:1,1
DA:4,1
LF:2
LH:2
BRF:0
BRH:0
end_of_record
TN:
SF:./src/client/app/admin/admin.module.js
FN:1,(anonymous_1)
FNF:1
FNH:1
FNDA:1,(anonymous_1)
DA:1,1
DA:4,1
LF:2
LH:2
BRF:0
BRH:0
end_of_record
TN:
SF:./src/client/app/app.module.js
FN:1,(anonymous_1)
FNF:1
FNH:1
FNDA:1,(anonymous_1)
DA:1,1
DA:4,1
LF:2
LH:2
BRF:0
BRH:0
end_of_record
TN:
SF:./src/client/app/blocks/exception/exception.module.js
FN:1,(anonymous_1)
FNF:1
FNH:1
FNDA:1,(anonymous_1)
DA:1,1
DA:4,1
LF:2
LH:2
BRF:0
BRH:0
end_of_record
TN:
SF:./src/client/app/blocks/filter/filter.module.js
FN:1,(anonymous_1)
FNF:1
FNH:1
FNDA:1,(anonymous_1)
DA:1,1
DA:4,1
LF:2
LH:2
BRF:0
BRH:0
end_of_record
TN:
SF:./src/client/app/blocks/logger/logger.module.js
FN:1,(anonymous_1)
FNF:1
FNH:1
FNDA:1,(anonymous_1)
DA:1,1
DA:4,1
LF:2
LH:2
BRF:0
BRH:0
end_of_record
TN:
SF:./src/client/app/blocks/router/router.module.js
FN:1,(anonymous_1)
FNF:1
FNH:1
FNDA:1,(anonymous_1)
DA:1,1
DA:4,1
LF:2
LH:2
BRF:0
BRH:0
end_of_record
TN:
SF:./src/client/app/core/core.module.js
FN:1,(anonymous_1)
FNF:1
FNH:1
FNDA:1,(anonymous_1)
DA:1,1
DA:4,1
LF:2
LH:2
BRF:0
BRH:0
end_of_record
TN:
SF:./src/client/app/dashboard/dashboard.module.js
FN:1,(anonymous_1)
FNF:1
FNH:1
FNDA:1,(anonymous_1)
DA:1,1
DA:4,1
LF:2
LH:2
BRF:0
BRH:0
end_of_record
TN:
SF:./src/client/app/layout/layout.module.js
FN:1,(anonymous_1)
FNF:1
FNH:1
FNDA:1,(anonymous_1)
DA:1,1
DA:4,1
LF:2
LH:2
BRF:0
BRH:0
end_of_record
TN:
SF:./src/client/app/mail/mail.module.js
FN:1,(anonymous_1)
FNF:1
FNH:1
FNDA:1,(anonymous_1)
DA:1,1
DA:4,1
LF:2
LH:2
BRF:0
BRH:0
end_of_record
TN:
SF:./src/client/app/widgets/widgets.module.js
FN:1,(anonymous_1)
FNF:1
FNH:1
FNDA:1,(anonymous_1)
DA:1,1
DA:4,1
LF:2
LH:2
BRF:0
BRH:0
end_of_record
TN:
SF:./src/client/app/about/about.controller.js
FN:1,(anonymous_1)
FN:10,AboutController
FN:16,activate
FNF:3
FNH:1
FNDA:1,(anonymous_1)
FNDA:0,AboutController
FNDA:0,activate
DA:1,1
DA:4,1
DA:8,1
DA:10,1
DA:11,0
DA:12,0
DA:14,0
DA:16,1
DA:17,0
LF:9
LH:5
BRF:0
BRH:0
end_of_record
TN:
SF:./src/client/app/about/about.route.js
FN:1,(anonymous_1)
FN:10,appRun
FN:14,getStates
FNF:3
FNH:1
FNDA:1,(anonymous_1)
FNDA:0,appRun
FNDA:0,getStates
DA:1,1
DA:4,1
DA:8,1
DA:10,1
DA:11,0
DA:14,1
DA:15,0
LF:7
LH:5
BRF:0
BRH:0
end_of_record
TN:
SF:./src/client/app/account/account.controller.js
FN:1,(anonymous_1)
FN:10,AccountController
FN:16,activate
FNF:3
FNH:1
FNDA:1,(anonymous_1)
FNDA:0,AccountController
FNDA:0,activate
DA:1,1
DA:4,1
DA:8,1
DA:10,1
DA:11,0
DA:12,0
DA:14,0
DA:16,1
DA:17,0
LF:9
LH:5
BRF:0
BRH:0
end_of_record
TN:
SF:./src/client/app/account/account.route.js
FN:1,(anonymous_1)
FN:10,appRun
FN:14,getStates
FNF:3
FNH:1
FNDA:1,(anonymous_1)
FNDA:0,appRun
FNDA:0,getStates
DA:1,1
DA:4,1
DA:8,1
DA:10,1
DA:11,0
DA:14,1
DA:15,0
LF:7
LH:5
BRF:0
BRH:0
end_of_record
TN:
SF:./src/client/app/admin/admin.controller.js
FN:1,(anonymous_1)
FN:10,AdminController
FN:16,activate
FNF:3
FNH:3
FNDA:1,(anonymous_1)
FNDA:3,AdminController
FNDA:3,activate
DA:1,1
DA:4,1
DA:8,1
DA:10,1
DA:11,3
DA:12,3
DA:14,3
DA:16,1
DA:17,3
LF:9
LH:9
BRF:0
BRH:0
end_of_record
TN:
SF:./src/client/app/admin/admin.route.js
FN:1,(anonymous_1)
FN:10,appRun
FN:14,getStates
FNF:3
FNH:3
FNDA:1,(anonymous_1)
FNDA:6,appRun
FNDA:6,getStates
DA:1,1
DA:4,1
DA:8,1
DA:10,1
DA:11,6
DA:14,1
DA:15,6
LF:7
LH:7
BRF:0
BRH:0
end_of_record
TN:
SF:./src/client/app/blocks/exception/exception-handler.provider.js
FN:3,(anonymous_1)
FN:14,exceptionHandlerProvider
FN:20,(anonymous_3)
FN:24,(anonymous_4)
FN:37,config
FN:50,extendExceptionHandler
FN:51,(anonymous_7)
FNF:7
FNH:7
FNDA:1,(anonymous_1)
FNDA:34,exceptionHandlerProvider
FNDA:31,(anonymous_3)
FNDA:36,(anonymous_4)
FNDA:34,config
FNDA:34,extendExceptionHandler
FNDA:4,(anonymous_7)
DA:3,1
DA:6,1
DA:14,1
DA:16,34
DA:20,34
DA:21,31
DA:24,34
DA:25,36
DA:29,1
DA:37,1
DA:38,34
DA:41,1
DA:50,1
DA:51,34
DA:52,4
DA:53,4
DA:54,4
DA:55,4
DA:65,0
LF:19
LH:18
BRDA:52,1,0,4
BRDA:52,1,1,0
BRF:2
BRH:1
end_of_record
TN:
SF:./src/client/app/blocks/exception/exception.js
FN:1,(anonymous_1)
FN:9,exception
FN:15,catcher
FN:16,(anonymous_4)
FNF:4
FNH:2
FNDA:1,(anonymous_1)
FNDA:4,exception
FNDA:0,catcher
FNDA:0,(anonymous_4)
DA:1,1
DA:4,1
DA:9,1
DA:10,4
DA:13,4
DA:15,1
DA:16,0
DA:17,0
DA:18,0
DA:19,0
DA:20,0
DA:21,0
DA:23,0
DA:24,0
DA:25,0
LF:15
LH:6
BRDA:19,1,0,0
BRDA:19,1,1,0
BRDA:19,2,0,0
BRDA:19,2,1,0
BRF:4
BRH:0
end_of_record
TN:
SF:./src/client/app/blocks/filter/yes-no.filter.js
FN:1,(anonymous_1)
FN:8,yesNoFilter
FN:9,(anonymous_3)
FNF:3
FNH:1
FNDA:1,(anonymous_1)
FNDA:0,yesNoFilter
FNDA:0,(anonymous_3)
DA:1,1
DA:4,1
DA:8,1
DA:9,0
DA:10,0
LF:5
LH:3
BRDA:10,1,0,0
BRDA:10,1,1,0
BRF:2
BRH:0
end_of_record
TN:
SF:./src/client/app/blocks/logger/logger.js
FN:1,(anonymous_1)
FN:11,logger
FN:27,error
FN:32,info
FN:37,success
FN:42,warning
FNF:6
FNH:4
FNDA:1,(anonymous_1)
FNDA:34,logger
FNDA:0,error
FNDA:3,info
FNDA:3,success
FNDA:0,warning
DA:1,1
DA:4,1
DA:8,1
DA:11,1
DA:12,34
DA:24,34
DA:27,1
DA:28,0
DA:29,0
DA:32,1
DA:33,3
DA:34,3
DA:37,1
DA:38,3
DA:39,3
DA:42,1
DA:43,0
DA:44,0
LF:18
LH:14
BRF:0
BRH:0
end_of_record
TN:
SF:./src/client/app/blocks/router/router-helper.provider.js
FN:2,(anonymous_1)
FN:11,routerHelperProvider
FN:20,(anonymous_3)
FN:27,RouterHelper
FN:47,configureStates
FN:48,(anonymous_6)
FN:59,handleRoutingErrors
FN:64,(anonymous_8)
FN:82,init
FN:87,getStates
FN:89,updateDocTitle
FN:91,(anonymous_12)
FNF:12
FNH:11
FNDA:1,(anonymous_1)
FNDA:26,routerHelperProvider
FNDA:26,(anonymous_3)
FNDA:26,RouterHelper
FNDA:39,configureStates
FNDA:39,(anonymous_6)
FNDA:26,handleRoutingErrors
FNDA:0,(anonymous_8)
FNDA:26,init
FNDA:3,getStates
FNDA:26,updateDocTitle
FNDA:18,(anonymous_12)
DA:2,1
DA:5,1
DA:9,1
DA:11,1
DA:13,26
DA:18,26
DA:20,26
DA:21,26
DA:24,26
DA:25,26
DA:27,1
DA:28,26
DA:29,26
DA:30,26
DA:35,26
DA:41,26
DA:43,26
DA:47,1
DA:48,39
DA:49,39
DA:51,39
DA:53,39
DA:54,26
DA:55,26
DA:59,1
DA:63,26
DA:65,0
DA:66,0
DA:68,0
DA:69,0
DA:70,0
DA:73,0
DA:76,0
DA:77,0
DA:82,1
DA:83,26
DA:84,26
DA:87,3
DA:89,1
DA:90,26
DA:92,18
DA:93,18
DA:94,18
DA:95,18
LF:44
LH:36
BRDA:50,1,0,39
BRDA:50,1,1,39
BRDA:53,2,0,26
BRDA:53,2,1,13
BRDA:53,3,0,39
BRDA:53,3,1,29
BRDA:65,4,0,0
BRDA:65,4,1,0
BRDA:70,5,0,0
BRDA:70,5,1,0
BRDA:70,5,2,0
BRDA:70,5,3,0
BRDA:70,5,4,0
BRDA:74,6,0,0
BRDA:74,6,1,0
BRDA:74,7,0,0
BRDA:74,7,1,0
BRDA:75,8,0,0
BRDA:75,8,1,0
BRDA:94,9,0,18
BRDA:94,9,1,0
BRF:21
BRH:7
end_of_record
TN:
SF:./src/client/app/core/authInterceptorService.js
FN:1,(anonymous_1)
FN:10,authInterceptorService
FN:20,request
FN:31,responseError
FNF:4
FNH:3
FNDA:1,(anonymous_1)
FNDA:23,authInterceptorService
FNDA:19,request
FNDA:0,responseError
DA:1,1
DA:4,1
DA:8,1
DA:10,1
DA:11,23
DA:16,23
DA:20,1
DA:21,19
DA:23,19
DA:24,19
DA:25,0
DA:28,19
DA:31,1
DA:32,0
DA:33,0
DA:35,0
LF:16
LH:12
BRDA:21,1,0,19
BRDA:21,1,1,0
BRDA:24,2,0,0
BRDA:24,2,1,19
BRDA:32,3,0,0
BRDA:32,3,1,0
BRF:6
BRH:2
end_of_record
TN:
SF:./src/client/app/core/authservice.js
FN:2,(anonymous_1)
FN:11,authservice
FN:43,saveRegistration
FN:46,(anonymous_4)
FN:51,login
FN:55,(anonymous_6)
FN:61,(anonymous_7)
FN:89,logout
FN:95,fillAuthData
FN:103,getUsername
FNF:10
FNH:3
FNDA:1,(anonymous_1)
FNDA:4,authservice
FNDA:0,saveRegistration
FNDA:0,(anonymous_4)
FNDA:0,login
FNDA:0,(anonymous_6)
FNDA:0,(anonymous_7)
FNDA:0,logout
FNDA:0,fillAuthData
FNDA:1,getUsername
DA:2,1
DA:5,1
DA:9,1
DA:11,1
DA:12,4
DA:20,4
DA:21,4
DA:26,4
DA:43,1
DA:44,0
DA:46,0
DA:47,0
DA:51,1
DA:52,0
DA:53,0
DA:55,0
DA:56,0
DA:57,0
DA:58,0
DA:60,0
DA:62,0
DA:63,0
DA:66,0
DA:89,1
DA:90,0
DA:91,0
DA:92,0
DA:95,1
DA:96,0
DA:97,0
DA:98,0
DA:99,0
DA:103,1
DA:104,1
LF:34
LH:14
BRDA:97,1,0,0
BRDA:97,1,1,0
BRF:2
BRH:0
end_of_record
TN:
SF:./src/client/app/core/config.js
FN:1,(anonymous_1)
FN:10,toastrConfig
FN:26,configure
FN:38,interceptorConfig
FNF:4
FNH:4
FNDA:1,(anonymous_1)
FNDA:26,toastrConfig
FNDA:26,configure
FNDA:26,interceptorConfig
DA:1,1
DA:4,1
DA:6,1
DA:8,1
DA:10,1
DA:11,26
DA:12,26
DA:15,1
DA:20,1
DA:22,1
DA:24,1
DA:26,1
DA:27,26
DA:28,26
DA:30,26
DA:31,26
DA:34,1
DA:36,1
DA:38,1
DA:39,26
LF:20
LH:20
BRDA:27,1,0,26
BRDA:27,1,1,0
BRF:2
BRH:1
end_of_record
TN:
SF:./src/client/app/core/constants.js
FN:2,(anonymous_1)
FNF:1
FNH:1
FNDA:1,(anonymous_1)
DA:2,1
DA:5,1
LF:2
LH:2
BRF:0
BRH:0
end_of_record
TN:
SF:./src/client/app/core/core.route.js
FN:1,(anonymous_1)
FN:9,appRun
FN:14,getStates
FNF:3
FNH:3
FNDA:1,(anonymous_1)
FNDA:26,appRun
FNDA:26,getStates
DA:1,1
DA:4,1
DA:9,1
DA:10,26
DA:11,26
DA:14,1
DA:15,26
LF:7
LH:7
BRF:0
BRH:0
end_of_record
TN:
SF:./src/client/app/core/dataservice.js
FN:1,(anonymous_1)
FN:10,dataservice
FN:20,getMessageCount
FN:24,getPeople
FN:29,success
FN:33,fail
FN:38,getUsers
FN:43,success
FN:47,fail
FNF:9
FNH:4
FNDA:1,(anonymous_1)
FNDA:4,dataservice
FNDA:1,getMessageCount
FNDA:0,getPeople
FNDA:0,success
FNDA:0,fail
FNDA:1,getUsers
FNDA:0,success
FNDA:0,fail
DA:1,1
DA:4,1
DA:8,1
DA:10,1
DA:11,4
DA:18,4
DA:20,1
DA:21,1
DA:24,1
DA:25,0
DA:29,1
DA:30,0
DA:33,1
DA:34,0
DA:38,1
DA:39,1
DA:43,1
DA:44,0
DA:47,1
DA:48,0
LF:20
LH:15
BRF:0
BRH:0
end_of_record
TN:
SF:./src/client/app/dashboard/dashboard.controller.js
FN:1,(anonymous_1)
FN:10,DashboardController
FN:28,activate
FN:30,(anonymous_4)
FN:35,getMessageCount
FN:36,(anonymous_6)
FN:43,getPeople
FN:44,(anonymous_8)
FN:50,getUsers
FN:51,(anonymous_10)
FN:58,CountConfirmedUser
FN:60,(anonymous_12)
FN:65,getUsername
FN:66,(anonymous_14)
FNF:14
FNH:10
FNDA:1,(anonymous_1)
FNDA:1,DashboardController
FNDA:1,activate
FNDA:0,(anonymous_4)
FNDA:1,getMessageCount
FNDA:1,(anonymous_6)
FNDA:1,getPeople
FNDA:1,(anonymous_8)
FNDA:1,getUsers
FNDA:0,(anonymous_10)
FNDA:0,CountConfirmedUser
FNDA:0,(anonymous_12)
FNDA:1,getUsername
FNDA:1,(anonymous_14)
DA:1,1
DA:4,1
DA:8,1
DA:10,1
DA:11,1
DA:12,1
DA:16,1
DA:17,1
DA:18,1
DA:19,1
DA:20,1
DA:21,1
DA:22,1
DA:24,1
DA:28,1
DA:29,1
DA:30,1
DA:31,0
DA:35,1
DA:36,1
DA:38,1
DA:39,1
DA:43,1
DA:44,1
DA:45,1
DA:46,1
DA:50,1
DA:51,1
DA:52,0
DA:53,0
DA:54,0
DA:55,0
DA:58,1
DA:59,0
DA:60,0
DA:65,1
DA:66,1
DA:67,1
DA:68,1
LF:39
LH:32
BRF:0
BRH:0
end_of_record
TN:
SF:./src/client/app/dashboard/dashboard.route.js
FN:1,(anonymous_1)
FN:10,appRun
FN:14,getStates
FNF:3
FNH:3
FNDA:1,(anonymous_1)
FNDA:4,appRun
FNDA:4,getStates
DA:1,1
DA:4,1
DA:8,1
DA:10,1
DA:11,4
DA:14,1
DA:15,4
LF:7
LH:7
BRF:0
BRH:0
end_of_record
TN:
SF:./src/client/app/layout/ht-sidebar.directive.js
FN:1,(anonymous_1)
FN:9,htSidebar
FN:25,link
FN:31,dropdown
FNF:4
FNH:4
FNDA:1,(anonymous_1)
FNDA:7,htSidebar
FNDA:7,link
FNDA:5,dropdown
DA:1,1
DA:4,1
DA:9,1
DA:16,7
DA:23,7
DA:25,1
DA:26,7
DA:27,7
DA:28,7
DA:29,7
DA:31,1
DA:32,5
DA:33,5
DA:34,5
DA:35,3
DA:36,3
DA:37,2
DA:38,2
DA:39,2
LF:19
LH:19
BRDA:34,1,0,3
BRDA:34,1,1,2
BRDA:37,2,0,2
BRDA:37,2,1,0
BRF:4
BRH:3
end_of_record
TN:
SF:./src/client/app/layout/ht-top-nav.directive.js
FN:2,(anonymous_1)
FN:10,htTopNav
FN:23,TopNavController
FNF:3
FNH:1
FNDA:1,(anonymous_1)
FNDA:0,htTopNav
FNDA:0,TopNavController
DA:2,1
DA:5,1
DA:10,1
DA:11,0
DA:23,1
DA:24,0
DA:27,0
LF:7
LH:4
BRF:0
BRH:0
end_of_record
TN:
SF:./src/client/app/layout/shell.controller.js
FN:1,(anonymous_1)
FN:10,ShellController
FN:26,activate
FN:31,hideSplash
FN:33,(anonymous_5)
FN:38,login
FN:40,(anonymous_7)
FNF:7
FNH:5
FNDA:1,(anonymous_1)
FNDA:3,ShellController
FNDA:3,activate
FNDA:3,hideSplash
FNDA:1,(anonymous_5)
FNDA:0,login
FNDA:0,(anonymous_7)
DA:1,1
DA:4,1
DA:8,1
DA:10,1
DA:11,3
DA:12,3
DA:13,3
DA:14,3
DA:15,3
DA:24,3
DA:26,1
DA:27,3
DA:28,3
DA:31,1
DA:33,3
DA:34,1
DA:38,1
DA:39,0
DA:40,0
DA:41,0
DA:42,0
LF:21
LH:17
BRF:0
BRH:0
end_of_record
TN:
SF:./src/client/app/layout/sidebar.controller.js
FN:1,(anonymous_1)
FN:10,SidebarController
FN:17,activate
FN:19,getNavRoutes
FN:20,(anonymous_5)
FN:22,(anonymous_6)
FN:27,isCurrent
FNF:7
FNH:6
FNDA:1,(anonymous_1)
FNDA:3,SidebarController
FNDA:3,activate
FNDA:3,getNavRoutes
FNDA:9,(anonymous_5)
FNDA:0,(anonymous_6)
FNDA:3,isCurrent
DA:1,1
DA:4,1
DA:8,1
DA:10,1
DA:11,3
DA:12,3
DA:13,3
DA:15,3
DA:17,3
DA:19,1
DA:20,3
DA:21,9
DA:23,0
DA:27,1
DA:28,3
DA:29,0
DA:31,3
DA:32,3
LF:18
LH:16
BRDA:21,1,0,9
BRDA:21,1,1,3
BRDA:28,2,0,0
BRDA:28,2,1,3
BRDA:28,3,0,3
BRDA:28,3,1,3
BRDA:28,3,2,3
BRDA:32,4,0,2
BRDA:32,4,1,1
BRF:9
BRH:8
end_of_record
TN:
SF:./src/client/app/mail/mail.controller.js
FN:1,(anonymous_1)
FN:10,MailController
FN:16,activate
FNF:3
FNH:1
FNDA:1,(anonymous_1)
FNDA:0,MailController
FNDA:0,activate
DA:1,1
DA:4,1
DA:8,1
DA:10,1
DA:11,0
DA:12,0
DA:14,0
DA:16,1
DA:17,0
LF:9
LH:5
BRF:0
BRH:0
end_of_record
TN:
SF:./src/client/app/mail/mail.route.js
FN:1,(anonymous_1)
FN:10,appRun
FN:14,getStates
FNF:3
FNH:1
FNDA:1,(anonymous_1)
FNDA:0,appRun
FNDA:0,getStates
DA:1,1
DA:4,1
DA:8,1
DA:10,1
DA:11,0
DA:14,1
DA:15,0
LF:7
LH:5
BRF:0
BRH:0
end_of_record
TN:
SF:./src/client/app/widgets/ht-img-person.directive.js
FN:1,(anonymous_1)
FN:10,htImgPerson
FN:21,link
FN:22,(anonymous_4)
FNF:4
FNH:1
FNDA:1,(anonymous_1)
FNDA:0,htImgPerson
FNDA:0,link
FNDA:0,(anonymous_4)
DA:1,1
DA:4,1
DA:8,1
DA:10,1
DA:13,0
DA:14,0
DA:15,0
DA:19,0
DA:21,1
DA:22,0
DA:23,0
DA:24,0
LF:12
LH:5
BRDA:23,1,0,0
BRDA:23,1,1,0
BRF:2
BRH:0
end_of_record
TN:
SF:./src/client/app/widgets/ht-widget-header.directive.js
FN:1,(anonymous_1)
FN:9,htWidgetHeader
FNF:2
FNH:1
FNDA:1,(anonymous_1)
FNDA:0,htWidgetHeader
DA:1,1
DA:4,1
DA:9,1
DA:16,0
DA:26,0
LF:5
LH:3
BRF:0
BRH:0
end_of_record
